<?xml version="1.0" encoding="UTF-8"?>
<testsuite name="com.example.springwebservice.SpringWebserviceApplicationTests" tests="1" skipped="0" failures="0" errors="0" timestamp="2020-06-25T13:37:48" hostname="SEOJEONG" time="0.627">
  <properties/>
  <testcase name="contextLoads()" classname="com.example.springwebservice.SpringWebserviceApplicationTests" time="0.627"/>
  <system-out><![CDATA[22:37:27.656 [Test worker] DEBUG org.springframework.test.context.BootstrapUtils - Instantiating CacheAwareContextLoaderDelegate from class [org.springframework.test.context.cache.DefaultCacheAwareContextLoaderDelegate]
22:37:27.680 [Test worker] DEBUG org.springframework.test.context.BootstrapUtils - Instantiating BootstrapContext using constructor [public org.springframework.test.context.support.DefaultBootstrapContext(java.lang.Class,org.springframework.test.context.CacheAwareContextLoaderDelegate)]
22:37:27.723 [Test worker] DEBUG org.springframework.test.context.BootstrapUtils - Instantiating TestContextBootstrapper for test class [com.example.springwebservice.SpringWebserviceApplicationTests] from class [org.springframework.boot.test.context.SpringBootTestContextBootstrapper]
22:37:27.787 [Test worker] INFO org.springframework.boot.test.context.SpringBootTestContextBootstrapper - Neither @ContextConfiguration nor @ContextHierarchy found for test class [com.example.springwebservice.SpringWebserviceApplicationTests], using SpringBootContextLoader
22:37:27.793 [Test worker] DEBUG org.springframework.test.context.support.AbstractContextLoader - Did not detect default resource location for test class [com.example.springwebservice.SpringWebserviceApplicationTests]: class path resource [com/example/springwebservice/SpringWebserviceApplicationTests-context.xml] does not exist
22:37:27.794 [Test worker] DEBUG org.springframework.test.context.support.AbstractContextLoader - Did not detect default resource location for test class [com.example.springwebservice.SpringWebserviceApplicationTests]: class path resource [com/example/springwebservice/SpringWebserviceApplicationTestsContext.groovy] does not exist
22:37:27.796 [Test worker] INFO org.springframework.test.context.support.AbstractContextLoader - Could not detect default resource locations for test class [com.example.springwebservice.SpringWebserviceApplicationTests]: no resource found for suffixes {-context.xml, Context.groovy}.
22:37:27.799 [Test worker] INFO org.springframework.test.context.support.AnnotationConfigContextLoaderUtils - Could not detect default configuration classes for test class [com.example.springwebservice.SpringWebserviceApplicationTests]: SpringWebserviceApplicationTests does not declare any static, non-private, non-final, nested classes annotated with @Configuration.
22:37:27.887 [Test worker] DEBUG org.springframework.test.context.support.ActiveProfilesUtils - Could not find an 'annotation declaring class' for annotation type [org.springframework.test.context.ActiveProfiles] and class [com.example.springwebservice.SpringWebserviceApplicationTests]
22:37:28.028 [Test worker] DEBUG org.springframework.context.annotation.ClassPathScanningCandidateComponentProvider - Identified candidate component class: file [C:\Users\12171\IdeaProjects\spring-webservice\build\classes\java\main\com\example\springwebservice\SpringWebserviceApplication.class]
22:37:28.031 [Test worker] INFO org.springframework.boot.test.context.SpringBootTestContextBootstrapper - Found @SpringBootConfiguration com.example.springwebservice.SpringWebserviceApplication for test class com.example.springwebservice.SpringWebserviceApplicationTests
22:37:28.215 [Test worker] DEBUG org.springframework.boot.test.context.SpringBootTestContextBootstrapper - @TestExecutionListeners is not present for class [com.example.springwebservice.SpringWebserviceApplicationTests]: using defaults.
22:37:28.216 [Test worker] INFO org.springframework.boot.test.context.SpringBootTestContextBootstrapper - Loaded default TestExecutionListener class names from location [META-INF/spring.factories]: [org.springframework.boot.test.autoconfigure.restdocs.RestDocsTestExecutionListener, org.springframework.boot.test.autoconfigure.web.client.MockRestServiceServerResetTestExecutionListener, org.springframework.boot.test.autoconfigure.web.servlet.MockMvcPrintOnlyOnFailureTestExecutionListener, org.springframework.boot.test.autoconfigure.web.servlet.WebDriverTestExecutionListener, org.springframework.boot.test.mock.mockito.MockitoTestExecutionListener, org.springframework.boot.test.mock.mockito.ResetMocksTestExecutionListener, org.springframework.test.context.web.ServletTestExecutionListener, org.springframework.test.context.support.DirtiesContextBeforeModesTestExecutionListener, org.springframework.test.context.support.DependencyInjectionTestExecutionListener, org.springframework.test.context.support.DirtiesContextTestExecutionListener, org.springframework.test.context.transaction.TransactionalTestExecutionListener, org.springframework.test.context.jdbc.SqlScriptsTestExecutionListener, org.springframework.test.context.event.EventPublishingTestExecutionListener]
22:37:28.255 [Test worker] INFO org.springframework.boot.test.context.SpringBootTestContextBootstrapper - Using TestExecutionListeners: [org.springframework.test.context.web.ServletTestExecutionListener@3a2c257d, org.springframework.test.context.support.DirtiesContextBeforeModesTestExecutionListener@4d86948c, org.springframework.boot.test.mock.mockito.MockitoTestExecutionListener@74f6e02e, org.springframework.boot.test.autoconfigure.SpringBootDependencyInjectionTestExecutionListener@380a156c, org.springframework.test.context.support.DirtiesContextTestExecutionListener@6356d8dd, org.springframework.test.context.transaction.TransactionalTestExecutionListener@1a0d02cf, org.springframework.test.context.jdbc.SqlScriptsTestExecutionListener@59396630, org.springframework.test.context.event.EventPublishingTestExecutionListener@31f0a90e, org.springframework.boot.test.autoconfigure.restdocs.RestDocsTestExecutionListener@64b51fdd, org.springframework.boot.test.autoconfigure.web.client.MockRestServiceServerResetTestExecutionListener@16dc72fe, org.springframework.boot.test.autoconfigure.web.servlet.MockMvcPrintOnlyOnFailureTestExecutionListener@4c69ef3, org.springframework.boot.test.autoconfigure.web.servlet.WebDriverTestExecutionListener@304affbc, org.springframework.boot.test.mock.mockito.ResetMocksTestExecutionListener@7ccd459f]
22:37:28.265 [Test worker] DEBUG org.springframework.test.context.support.AbstractDirtiesContextTestExecutionListener - Before test class: context [DefaultTestContext@3379cb19 testClass = SpringWebserviceApplicationTests, testInstance = [null], testMethod = [null], testException = [null], mergedContextConfiguration = [WebMergedContextConfiguration@3926a6b8 testClass = SpringWebserviceApplicationTests, locations = '{}', classes = '{class com.example.springwebservice.SpringWebserviceApplication}', contextInitializerClasses = '[]', activeProfiles = '{}', propertySourceLocations = '{}', propertySourceProperties = '{org.springframework.boot.test.context.SpringBootTestContextBootstrapper=true}', contextCustomizers = set[org.springframework.boot.test.autoconfigure.properties.PropertyMappingContextCustomizer@0, org.springframework.boot.test.autoconfigure.web.servlet.WebDriverContextCustomizerFactory$Customizer@3d38473b, org.springframework.boot.test.context.filter.ExcludeFilterContextCustomizer@152dd7da, org.springframework.boot.test.json.DuplicateJsonObjectContextCustomizerFactory$DuplicateJsonObjectContextCustomizer@28e19c73, org.springframework.boot.test.mock.mockito.MockitoContextCustomizer@0, org.springframework.boot.test.web.client.TestRestTemplateContextCustomizer@642398de, org.springframework.boot.test.context.SpringBootTestArgs@1], resourceBasePath = 'src/main/webapp', contextLoader = 'org.springframework.boot.test.context.SpringBootContextLoader', parent = [null]], attributes = map['org.springframework.test.context.web.ServletTestExecutionListener.activateListener' -> true]], class annotated with @DirtiesContext [false] with mode [null].
22:37:28.313 [Test worker] DEBUG org.springframework.test.context.support.TestPropertySourceUtils - Adding inlined properties to environment: {spring.jmx.enabled=false, org.springframework.boot.test.context.SpringBootTestContextBootstrapper=true, server.port=-1}

  .   ____          _            __ _ _
 /\\ / ___'_ __ _ _(_)_ __  __ _ \ \ \ \
( ( )\___ | '_ | '_| | '_ \/ _` | \ \ \ \
 \\/  ___)| |_)| | | | | || (_| |  ) ) ) )
  '  |____| .__|_| |_|_| |_\__, | / / / /
 =========|_|==============|___/=/_/_/_/
 :: Spring Boot ::        (v2.2.7.RELEASE)

2020-06-25 22:37:29.064  INFO 17700 --- [    Test worker] c.e.s.SpringWebserviceApplicationTests   : Starting SpringWebserviceApplicationTests on seojeong with PID 17700 (started by 12171 in C:\Users\12171\IdeaProjects\spring-webservice)
2020-06-25 22:37:29.067  INFO 17700 --- [    Test worker] c.e.s.SpringWebserviceApplicationTests   : No active profile set, falling back to default profiles: default
2020-06-25 22:37:31.826  INFO 17700 --- [    Test worker] .s.d.r.c.RepositoryConfigurationDelegate : Bootstrapping Spring Data JPA repositories in DEFAULT mode.
2020-06-25 22:37:32.092  INFO 17700 --- [    Test worker] .s.d.r.c.RepositoryConfigurationDelegate : Finished Spring Data repository scanning in 249ms. Found 7 JPA repository interfaces.
2020-06-25 22:37:34.777  INFO 17700 --- [    Test worker] com.zaxxer.hikari.HikariDataSource       : HikariPool-1 - Starting...
2020-06-25 22:37:37.751  INFO 17700 --- [    Test worker] com.zaxxer.hikari.HikariDataSource       : HikariPool-1 - Start completed.
2020-06-25 22:37:38.080  INFO 17700 --- [    Test worker] o.hibernate.jpa.internal.util.LogHelper  : HHH000204: Processing PersistenceUnitInfo [
	name: default
	...]
2020-06-25 22:37:38.459  INFO 17700 --- [    Test worker] org.hibernate.Version                    : HHH000412: Hibernate Core {5.2.11.Final}
2020-06-25 22:37:38.463  INFO 17700 --- [    Test worker] org.hibernate.cfg.Environment            : HHH000206: hibernate.properties not found
2020-06-25 22:37:38.716  INFO 17700 --- [    Test worker] o.hibernate.annotations.common.Version   : HCANN000001: Hibernate Commons Annotations {5.0.1.Final}
2020-06-25 22:37:39.854  INFO 17700 --- [    Test worker] org.hibernate.dialect.Dialect            : HHH000400: Using dialect: org.hibernate.dialect.MySQL5Dialect
2020-06-25 22:37:41.436  INFO 17700 --- [    Test worker] j.LocalContainerEntityManagerFactoryBean : Initialized JPA EntityManagerFactory for persistence unit 'default'
2020-06-25 22:37:44.448  WARN 17700 --- [    Test worker] JpaBaseConfiguration$JpaWebConfiguration : spring.jpa.open-in-view is enabled by default. Therefore, database queries may be performed during view rendering. Explicitly configure spring.jpa.open-in-view to disable this warning
2020-06-25 22:37:45.507  INFO 17700 --- [    Test worker] o.s.s.concurrent.ThreadPoolTaskExecutor  : Initializing ExecutorService 'applicationTaskExecutor'
2020-06-25 22:37:47.809  INFO 17700 --- [    Test worker] o.s.b.a.e.web.EndpointLinksResolver      : Exposing 2 endpoint(s) beneath base path '/actuator'
2020-06-25 22:37:47.940  INFO 17700 --- [    Test worker] c.e.s.SpringWebserviceApplicationTests   : Started SpringWebserviceApplicationTests in 19.541 seconds (JVM running for 23.164)
]]></system-out>
  <system-err><![CDATA[]]></system-err>
</testsuite>
